<?xml version="1.0" encoding="utf-8"?><testsuites name="pytest tests"><testsuite name="pytest" errors="0" failures="0" skipped="0" tests="15" time="1.622" timestamp="2026-07-22T13:59:51.630159+00:00" hostname="agent-env-bcd4fe33-b9fb-4501-95e7-0a023124a427"><testcase classname="tests.test_calendar_integration.TestCalendarStatus" name="test_status_requires_auth" time="0.273" /><testcase classname="tests.test_calendar_integration.TestCalendarStatus" name="test_status_unconfigured" time="0.378" /><testcase classname="tests.test_calendar_integration.TestCalendarConnect" name="test_connect_without_token" time="0.050" /><testcase classname="tests.test_calendar_integration.TestCalendarConnect" name="test_connect_invalid_token" time="0.064" /><testcase classname="tests.test_calendar_integration.TestCalendarConnect" name="test_connect_env_not_configured" time="0.052" /><testcase classname="tests.test_calendar_integration.TestCalendarDisconnect" name="test_disconnect_requires_auth" time="0.052" /><testcase classname="tests.test_calendar_integration.TestCalendarDisconnect" name="test_disconnect_when_not_connected" time="0.050" /><testcase classname="tests.test_calendar_integration.TestCalendarTest" name="test_test_requires_auth" time="0.052" /><testcase classname="tests.test_calendar_integration.TestCalendarTest" name="test_test_when_not_connected" time="0.048" /><testcase classname="tests.test_calendar_integration.TestEmployeeCalendarField" name="test_create_employee_with_calendar_id" time="0.056" /><testcase classname="tests.test_calendar_integration.TestEmployeeCalendarField" name="test_get_employee_returns_calendar_id" time="0.053" /><testcase classname="tests.test_calendar_integration.TestEmployeeCalendarField" name="test_patch_employee_calendar_id" time="0.054" /><testcase classname="tests.test_calendar_integration.TestEmployeeCalendarField" name="test_cleanup_employee" time="0.049" /><testcase classname="tests.test_calendar_integration.TestBookingFlowWithoutCalendar" name="test_full_booking_flow_no_google_event" time="0.244" /><testcase classname="tests.test_calendar_integration.TestBookingFlowWithoutCalendar" name="test_cancel_booking_when_no_google_event" time="0.061" /></testsuite></testsuites>