<?xml version="1.0" encoding="utf-8"?><testsuites name="pytest tests"><testsuite name="pytest" errors="0" failures="0" skipped="0" tests="25" time="6.670" timestamp="2026-07-23T05:37:04.907410+00:00" hostname="agent-env-bcd4fe33-b9fb-4501-95e7-0a023124a427"><testcase classname="tests.test_new_endpoints.TestCalendarStatusShape" name="test_status_returns_new_keys" time="0.592" /><testcase classname="tests.test_new_endpoints.TestSAAuthAndValidation" name="test_requires_auth" time="0.047" /><testcase classname="tests.test_new_endpoints.TestSAAuthAndValidation" name="test_missing_type" time="0.041" /><testcase classname="tests.test_new_endpoints.TestSAAuthAndValidation" name="test_wrong_type" time="0.043" /><testcase classname="tests.test_new_endpoints.TestSAAuthAndValidation" name="test_missing_client_email" time="0.042" /><testcase classname="tests.test_new_endpoints.TestSAAuthAndValidation" name="test_missing_private_key" time="0.042" /><testcase classname="tests.test_new_endpoints.TestSAAuthAndValidation" name="test_valid_shape_but_bad_private_key_400_and_no_persist" time="0.131" /><testcase classname="tests.test_new_endpoints.TestSAValidPersistence" name="test_status_flips_after_direct_insert" time="0.164" /><testcase classname="tests.test_new_endpoints.TestSAValidPersistence" name="test_disconnect_clears_it" time="0.125" /><testcase classname="tests.test_new_endpoints.TestAvailabilityWithSA" name="test_setup_employee_with_gcal" time="0.044" /><testcase classname="tests.test_new_endpoints.TestAvailabilityWithSA" name="test_availability_no_google_baseline" time="0.177" /><testcase classname="tests.test_new_endpoints.TestAvailabilityWithSA" name="test_availability_with_sa_connected_graceful" time="0.093" /><testcase classname="tests.test_new_endpoints.TestAvailabilityWithSA" name="test_teardown_disconnect_and_employee" time="0.093" /><testcase classname="tests.test_new_endpoints.TestChangeCredentialsAuthAndValidation" name="test_requires_auth" time="0.051" /><testcase classname="tests.test_new_endpoints.TestChangeCredentialsAuthAndValidation" name="test_wrong_current_password" time="0.289" /><testcase classname="tests.test_new_endpoints.TestChangeCredentialsAuthAndValidation" name="test_nothing_to_change" time="0.265" /><testcase classname="tests.test_new_endpoints.TestChangeCredentialsAuthAndValidation" name="test_short_new_password" time="0.278" /><testcase classname="tests.test_new_endpoints.TestChangeCredentialsAuthAndValidation" name="test_malformed_new_email" time="0.267" /><testcase classname="tests.test_new_endpoints.TestChangeCredentialsHappyPath" name="test_change_password_success" time="0.499" /><testcase classname="tests.test_new_endpoints.TestChangeCredentialsHappyPath" name="test_login_with_new_password" time="0.264" /><testcase classname="tests.test_new_endpoints.TestChangeCredentialsHappyPath" name="test_login_with_old_password_fails" time="0.265" /><testcase classname="tests.test_new_endpoints.TestChangeCredentialsHappyPath" name="test_revert_password" time="1.101" /><testcase classname="tests.test_new_endpoints.TestChangeEmailConflictAndRevert" name="test_email_conflict_returns_409" time="0.495" /><testcase classname="tests.test_new_endpoints.TestChangeEmailConflictAndRevert" name="test_valid_new_email_then_revert" time="1.163" /><testcase classname="tests.test_new_endpoints.TestChangeEmailConflictAndRevert" name="test_cleanup_conflict_user" time="0.003" /></testsuite></testsuites>