<?xml version="1.0" encoding="utf-8"?><testsuites name="pytest tests"><testsuite name="pytest" errors="0" failures="0" skipped="0" tests="50" time="5.438" timestamp="2026-07-22T13:59:57.966705+00:00" hostname="agent-env-bcd4fe33-b9fb-4501-95e7-0a023124a427"><testcase classname="tests.test_galaxy_api.TestPublicMisc" name="test_root" time="0.163" /><testcase classname="tests.test_galaxy_api.TestPublicMisc" name="test_business" time="0.049" /><testcase classname="tests.test_galaxy_api.TestPublicMisc" name="test_hero_slides" time="0.048" /><testcase classname="tests.test_galaxy_api.TestPublicMisc" name="test_categories" time="0.052" /><testcase classname="tests.test_galaxy_api.TestPublicMisc" name="test_gallery" time="0.048" /><testcase classname="tests.test_galaxy_api.TestPublicMisc" name="test_testimonials" time="0.052" /><testcase classname="tests.test_galaxy_api.TestPublicMisc" name="test_faqs" time="0.050" /><testcase classname="tests.test_galaxy_api.TestServicesEmployees" name="test_services_count" time="0.046" /><testcase classname="tests.test_galaxy_api.TestServicesEmployees" name="test_services_by_category" time="0.094" /><testcase classname="tests.test_galaxy_api.TestServicesEmployees" name="test_services_featured" time="0.103" /><testcase classname="tests.test_galaxy_api.TestServicesEmployees" name="test_employees" time="0.044" /><testcase classname="tests.test_galaxy_api.TestServicesEmployees" name="test_employees_by_service" time="0.046" /><testcase classname="tests.test_galaxy_api.TestAvailability" name="test_availability_valid" time="0.051" /><testcase classname="tests.test_galaxy_api.TestAvailability" name="test_availability_past_date_empty" time="0.045" /><testcase classname="tests.test_galaxy_api.TestAvailability" name="test_availability_bad_date" time="0.057" /><testcase classname="tests.test_galaxy_api.TestAvailability" name="test_availability_unknown_employee" time="0.044" /><testcase classname="tests.test_galaxy_api.TestAvailability" name="test_availability_unknown_service" time="0.044" /><testcase classname="tests.test_galaxy_api.TestBookingFlow" name="test_create_booking_and_verify" time="0.156" /><testcase classname="tests.test_galaxy_api.TestBookingFlow" name="test_duplicate_slot_rejected" time="0.092" /><testcase classname="tests.test_galaxy_api.TestBookingFlow" name="test_payment_verify_mock" time="0.050" /><testcase classname="tests.test_galaxy_api.TestBookingFlow" name="test_get_booking_after_pay" time="0.046" /><testcase classname="tests.test_galaxy_api.TestAdminAuth" name="test_login_success" time="0.272" /><testcase classname="tests.test_galaxy_api.TestAdminAuth" name="test_login_wrong_password" time="0.270" /><testcase classname="tests.test_galaxy_api.TestAdminAuth" name="test_me_requires_token" time="0.045" /><testcase classname="tests.test_galaxy_api.TestAdminAuth" name="test_me_with_token" time="0.429" /><testcase classname="tests.test_galaxy_api.TestAdminData" name="test_stats" time="0.062" /><testcase classname="tests.test_galaxy_api.TestAdminData" name="test_bookings_list" time="0.057" /><testcase classname="tests.test_galaxy_api.TestAdminData" name="test_bookings_filter_status" time="0.053" /><testcase classname="tests.test_galaxy_api.TestAdminData" name="test_bookings_search_q" time="0.076" /><testcase classname="tests.test_galaxy_api.TestAdminData" name="test_patch_booking_completed" time="0.117" /><testcase classname="tests.test_galaxy_api.TestAdminData" name="test_customers" time="0.094" /><testcase classname="tests.test_galaxy_api.TestAdminData" name="test_business_get_patch" time="0.112" /><testcase classname="tests.test_galaxy_api.TestAdminCRUD" name="test_crud_flow[categories-payload0]" time="0.235" /><testcase classname="tests.test_galaxy_api.TestAdminCRUD" name="test_crud_flow[services-payload1]" time="0.245" /><testcase classname="tests.test_galaxy_api.TestAdminCRUD" name="test_crud_flow[employees-payload2]" time="0.238" /><testcase classname="tests.test_galaxy_api.TestAdminCRUD" name="test_crud_flow[hero-slides-payload3]" time="0.225" /><testcase classname="tests.test_galaxy_api.TestAdminCRUD" name="test_crud_flow[gallery-payload4]" time="0.241" /><testcase classname="tests.test_galaxy_api.TestAdminCRUD" name="test_crud_flow[testimonials-payload5]" time="0.224" /><testcase classname="tests.test_galaxy_api.TestAdminCRUD" name="test_crud_flow[faqs-payload6]" time="0.433" /><testcase classname="tests.test_galaxy_api.TestAdminAuthGuard" name="test_requires_token[/admin/stats]" time="0.046" /><testcase classname="tests.test_galaxy_api.TestAdminAuthGuard" name="test_requires_token[/admin/bookings]" time="0.046" /><testcase classname="tests.test_galaxy_api.TestAdminAuthGuard" name="test_requires_token[/admin/customers]" time="0.047" /><testcase classname="tests.test_galaxy_api.TestAdminAuthGuard" name="test_requires_token[/admin/business]" time="0.050" /><testcase classname="tests.test_galaxy_api.TestAdminAuthGuard" name="test_requires_token[/admin/categories]" time="0.046" /><testcase classname="tests.test_galaxy_api.TestAdminAuthGuard" name="test_requires_token[/admin/services]" time="0.050" /><testcase classname="tests.test_galaxy_api.TestAdminAuthGuard" name="test_requires_token[/admin/employees]" time="0.047" /><testcase classname="tests.test_galaxy_api.TestAdminAuthGuard" name="test_requires_token[/admin/hero-slides]" time="0.048" /><testcase classname="tests.test_galaxy_api.TestAdminAuthGuard" name="test_requires_token[/admin/gallery]" time="0.046" /><testcase classname="tests.test_galaxy_api.TestAdminAuthGuard" name="test_requires_token[/admin/testimonials]" time="0.048" /><testcase classname="tests.test_galaxy_api.TestAdminAuthGuard" name="test_requires_token[/admin/faqs]" time="0.070" /></testsuite></testsuites>