<?xml version="1.0" encoding="utf-8"?><testsuites name="pytest tests"><testsuite name="pytest" errors="0" failures="0" skipped="0" tests="101" time="15.022" timestamp="2026-07-23T05:39:33.249438+00:00" hostname="agent-env-bcd4fe33-b9fb-4501-95e7-0a023124a427"><testcase classname="tests.test_galaxy_api.TestAdminAuthGuard" name="test_requires_token[/admin/stats]" time="0.248" /><testcase classname="tests.test_galaxy_api.TestAdminAuthGuard" name="test_requires_token[/admin/bookings]" time="0.086" /><testcase classname="tests.test_reschedule.TestReschedule" name="test_requires_auth" time="0.468" /><testcase classname="tests.test_galaxy_api.TestAdminAuthGuard" name="test_requires_token[/admin/customers]" time="0.084" /><testcase classname="tests.test_galaxy_api.TestAdminAuthGuard" name="test_requires_token[/admin/business]" time="0.074" /><testcase classname="tests.test_galaxy_api.TestAdminAuthGuard" name="test_requires_token[/admin/categories]" time="0.238" /><testcase classname="tests.test_galaxy_api.TestAdminAuthGuard" name="test_requires_token[/admin/services]" time="0.083" /><testcase classname="tests.test_reschedule.TestReschedule" name="test_unknown_booking_404" time="0.411" /><testcase classname="tests.test_galaxy_api.TestAdminAuthGuard" name="test_requires_token[/admin/employees]" time="0.042" /><testcase classname="tests.test_galaxy_api.TestAdminAuthGuard" name="test_requires_token[/admin/hero-slides]" time="0.083" /><testcase classname="tests.test_reschedule.TestReschedule" name="test_reschedule_same_slot_noop" time="0.223" /><testcase classname="tests.test_galaxy_api.TestAdminAuthGuard" name="test_requires_token[/admin/gallery]" time="0.045" /><testcase classname="tests.test_galaxy_api.TestAdminAuthGuard" name="test_requires_token[/admin/testimonials]" time="0.047" /><testcase classname="tests.test_galaxy_api.TestAdminAuthGuard" name="test_requires_token[/admin/faqs]" time="0.047" /><testcase classname="tests.test_galaxy_api.TestPublicMisc" name="test_root" time="0.083" /><testcase classname="tests.test_reschedule.TestReschedule" name="test_reschedule_new_time_updates_end_time" time="0.289" /><testcase classname="tests.test_galaxy_api.TestPublicMisc" name="test_business" time="0.049" /><testcase classname="tests.test_galaxy_api.TestPublicMisc" name="test_hero_slides" time="0.057" /><testcase classname="tests.test_galaxy_api.TestPublicMisc" name="test_categories" time="0.048" /><testcase classname="tests.test_galaxy_api.TestPublicMisc" name="test_gallery" time="0.052" /><testcase classname="tests.test_galaxy_api.TestPublicMisc" name="test_testimonials" time="0.047" /><testcase classname="tests.test_reschedule.TestReschedule" name="test_reschedule_employee_swap" time="0.458" /><testcase classname="tests.test_galaxy_api.TestPublicMisc" name="test_faqs" time="0.100" /><testcase classname="tests.test_galaxy_api.TestAdminData" name="test_stats" time="0.412" /><testcase classname="tests.test_reschedule.TestReschedule" name="test_reject_past_date" time="0.259" /><testcase classname="tests.test_galaxy_api.TestAdminData" name="test_bookings_list" time="0.069" /><testcase classname="tests.test_galaxy_api.TestAdminData" name="test_bookings_filter_status" time="0.045" /><testcase classname="tests.test_galaxy_api.TestAdminData" name="test_bookings_search_q" time="0.067" /><testcase classname="tests.test_reschedule.TestReschedule" name="test_reject_outside_working_hours" time="0.133" /><testcase classname="tests.test_galaxy_api.TestAdminData" name="test_patch_booking_completed" time="0.142" /><testcase classname="tests.test_reschedule.TestReschedule" name="test_reject_on_leave" time="0.318" /><testcase classname="tests.test_galaxy_api.TestAdminData" name="test_customers" time="0.046" /><testcase classname="tests.test_galaxy_api.TestAdminData" name="test_business_get_patch" time="0.104" /><testcase classname="tests.test_galaxy_api.TestAdminCRUD" name="test_crud_flow[categories-payload0]" time="0.249" /><testcase classname="tests.test_reschedule.TestReschedule" name="test_reject_conflict" time="0.306" /><testcase classname="tests.test_galaxy_api.TestAdminCRUD" name="test_crud_flow[services-payload1]" time="0.206" /><testcase classname="tests.test_reschedule.TestReschedule" name="test_reject_cancelled_booking" time="0.267" /><testcase classname="tests.test_galaxy_api.TestAdminCRUD" name="test_crud_flow[employees-payload2]" time="0.197" /><testcase classname="tests.test_galaxy_api.TestAdminCRUD" name="test_crud_flow[hero-slides-payload3]" time="0.287" /><testcase classname="tests.test_reschedule.TestReschedule" name="test_calendar_synced_false_when_google_off" time="0.388" /><testcase classname="tests.test_galaxy_api.TestAdminCRUD" name="test_crud_flow[gallery-payload4]" time="0.286" /><testcase classname="tests.test_reschedule.TestReschedule" name="test_calendar_status_still_env_false" time="0.052" /><testcase classname="tests.test_new_endpoints.TestSAAuthAndValidation" name="test_requires_auth" time="0.141" /><testcase classname="tests.test_galaxy_api.TestAdminCRUD" name="test_crud_flow[testimonials-payload5]" time="0.398" /><testcase classname="tests.test_new_endpoints.TestSAAuthAndValidation" name="test_missing_type" time="0.380" /><testcase classname="tests.test_galaxy_api.TestAdminCRUD" name="test_crud_flow[faqs-payload6]" time="0.225" /><testcase classname="tests.test_new_endpoints.TestSAAuthAndValidation" name="test_wrong_type" time="0.066" /><testcase classname="tests.test_new_endpoints.TestSAAuthAndValidation" name="test_missing_client_email" time="0.096" /><testcase classname="tests.test_new_endpoints.TestSAAuthAndValidation" name="test_missing_private_key" time="0.090" /><testcase classname="tests.test_galaxy_api.TestServicesEmployees" name="test_services_count" time="0.044" /><testcase classname="tests.test_galaxy_api.TestServicesEmployees" name="test_services_by_category" time="0.091" /><testcase classname="tests.test_new_endpoints.TestSAAuthAndValidation" name="test_valid_shape_but_bad_private_key_400_and_no_persist" time="0.185" /><testcase classname="tests.test_galaxy_api.TestServicesEmployees" name="test_services_featured" time="0.044" /><testcase classname="tests.test_galaxy_api.TestServicesEmployees" name="test_employees" time="0.060" /><testcase classname="tests.test_galaxy_api.TestServicesEmployees" name="test_employees_by_service" time="0.044" /><testcase classname="tests.test_new_endpoints.TestChangeCredentialsAuthAndValidation" name="test_requires_auth" time="0.131" /><testcase classname="tests.test_galaxy_api.TestAvailability" name="test_availability_valid" time="0.408" /><testcase classname="tests.test_galaxy_api.TestAvailability" name="test_availability_past_date_empty" time="0.088" /><testcase classname="tests.test_new_endpoints.TestChangeCredentialsAuthAndValidation" name="test_wrong_current_password" time="0.694" /><testcase classname="tests.test_galaxy_api.TestAvailability" name="test_availability_bad_date" time="0.059" /><testcase classname="tests.test_galaxy_api.TestAvailability" name="test_availability_unknown_employee" time="0.280" /><testcase classname="tests.test_new_endpoints.TestChangeCredentialsAuthAndValidation" name="test_nothing_to_change" time="0.376" /><testcase classname="tests.test_galaxy_api.TestAvailability" name="test_availability_unknown_service" time="0.375" /><testcase classname="tests.test_new_endpoints.TestChangeCredentialsAuthAndValidation" name="test_short_new_password" time="0.268" /><testcase classname="tests.test_new_endpoints.TestChangeCredentialsAuthAndValidation" name="test_malformed_new_email" time="0.489" /><testcase classname="tests.test_calendar_integration.TestEmployeeCalendarField" name="test_create_employee_with_calendar_id" time="0.761" /><testcase classname="tests.test_galaxy_api.TestBookingFlow" name="test_create_booking_and_verify" time="0.465" /><testcase classname="tests.test_calendar_integration.TestEmployeeCalendarField" name="test_get_employee_returns_calendar_id" time="0.049" /><testcase classname="tests.test_calendar_integration.TestEmployeeCalendarField" name="test_patch_employee_calendar_id" time="0.057" /><testcase classname="tests.test_calendar_integration.TestEmployeeCalendarField" name="test_cleanup_employee" time="0.049" /><testcase classname="tests.test_galaxy_api.TestAdminAuth" name="test_login_success" time="0.334" /><testcase classname="tests.test_galaxy_api.TestBookingFlow" name="test_duplicate_slot_rejected" time="0.302" /><testcase classname="tests.test_galaxy_api.TestAdminAuth" name="test_login_wrong_password" time="0.310" /><testcase classname="tests.test_galaxy_api.TestBookingFlow" name="test_payment_verify_mock" time="0.059" /><testcase classname="tests.test_galaxy_api.TestAdminAuth" name="test_me_requires_token" time="0.085" /><testcase classname="tests.test_galaxy_api.TestBookingFlow" name="test_get_booking_after_pay" time="0.048" /><testcase classname="tests.test_galaxy_api.TestAdminAuth" name="test_me_with_token" time="0.520" /><testcase classname="tests.test_new_endpoints.TestCredentialsMutations" name="test_change_password_happy_path_and_revert" time="2.339" /><testcase classname="tests.test_new_endpoints.TestAvailabilityWithSA" name="test_setup_employee_with_gcal" time="0.892" /><testcase classname="tests.test_new_endpoints.TestAvailabilityWithSA" name="test_availability_no_google_baseline" time="0.568" /><testcase classname="tests.test_new_endpoints.TestAvailabilityWithSA" name="test_availability_with_sa_connected_graceful" time="0.313" /><testcase classname="tests.test_new_endpoints.TestAvailabilityWithSA" name="test_teardown_disconnect_and_employee" time="0.333" /><testcase classname="tests.test_calendar_integration.TestCalendarConnect" name="test_connect_without_token" time="0.495" /><testcase classname="tests.test_calendar_integration.TestCalendarConnect" name="test_connect_invalid_token" time="0.265" /><testcase classname="tests.test_new_endpoints.TestCredentialsMutations" name="test_email_conflict_returns_409" time="1.197" /><testcase classname="tests.test_calendar_integration.TestCalendarConnect" name="test_connect_env_not_configured" time="0.493" /><testcase classname="tests.test_calendar_integration.TestCalendarStatus" name="test_status_requires_auth" time="0.082" /><testcase classname="tests.test_calendar_integration.TestCalendarStatus" name="test_status_unconfigured" time="0.269" /><testcase classname="tests.test_calendar_integration.TestCalendarDisconnect" name="test_disconnect_requires_auth" time="0.042" /><testcase classname="tests.test_calendar_integration.TestCalendarDisconnect" name="test_disconnect_when_not_connected" time="0.044" /><testcase classname="tests.test_calendar_integration.TestCalendarTest" name="test_test_requires_auth" time="0.261" /><testcase classname="tests.test_calendar_integration.TestCalendarTest" name="test_test_when_not_connected" time="0.045" /><testcase classname="tests.test_new_endpoints.TestCredentialsMutations" name="test_valid_new_email_then_revert" time="1.693" /><testcase classname="tests.test_calendar_integration.TestBookingFlowWithoutCalendar" name="test_full_booking_flow_no_google_event" time="0.849" /><testcase classname="tests.test_calendar_integration.TestBookingFlowWithoutCalendar" name="test_cancel_booking_when_no_google_event" time="0.046" /><testcase classname="tests.test_reschedule.TestRegressionAfterReschedule" name="test_admin_bookings_still_lists" time="0.752" /><testcase classname="tests.test_reschedule.TestRegressionAfterReschedule" name="test_admin_stats" time="0.272" /><testcase classname="tests.test_new_endpoints.TestCredentialsMutations" name="test_cleanup_conflict_user" time="0.002" /><testcase classname="tests.test_new_endpoints.TestSAValidPersistence" name="test_status_flips_after_direct_insert" time="0.633" /><testcase classname="tests.test_new_endpoints.TestCalendarStatusShape" name="test_status_returns_new_keys" time="0.448" /><testcase classname="tests.test_new_endpoints.TestSAValidPersistence" name="test_disconnect_clears_it" time="0.139" /></testsuite></testsuites>