<?xml version="1.0" encoding="utf-8"?><testsuites name="pytest tests"><testsuite name="pytest" errors="0" failures="0" skipped="0" tests="14" time="4.270" timestamp="2026-07-22T16:36:21.181552+00:00" hostname="agent-env-bcd4fe33-b9fb-4501-95e7-0a023124a427"><testcase classname="tests.test_reschedule.TestReschedule" name="test_requires_auth" time="0.710" /><testcase classname="tests.test_reschedule.TestReschedule" name="test_unknown_booking_404" time="0.498" /><testcase classname="tests.test_reschedule.TestReschedule" name="test_reschedule_same_slot_noop" time="0.211" /><testcase classname="tests.test_reschedule.TestReschedule" name="test_reschedule_new_time_updates_end_time" time="0.336" /><testcase classname="tests.test_reschedule.TestReschedule" name="test_reschedule_employee_swap" time="0.264" /><testcase classname="tests.test_reschedule.TestReschedule" name="test_reject_past_date" time="0.223" /><testcase classname="tests.test_reschedule.TestReschedule" name="test_reject_outside_working_hours" time="0.229" /><testcase classname="tests.test_reschedule.TestReschedule" name="test_reject_on_leave" time="0.410" /><testcase classname="tests.test_reschedule.TestReschedule" name="test_reject_conflict" time="0.277" /><testcase classname="tests.test_reschedule.TestReschedule" name="test_reject_cancelled_booking" time="0.283" /><testcase classname="tests.test_reschedule.TestReschedule" name="test_calendar_synced_false_when_google_off" time="0.504" /><testcase classname="tests.test_reschedule.TestReschedule" name="test_calendar_status_still_env_false" time="0.078" /><testcase classname="tests.test_reschedule.TestRegressionAfterReschedule" name="test_admin_bookings_still_lists" time="0.087" /><testcase classname="tests.test_reschedule.TestRegressionAfterReschedule" name="test_admin_stats" time="0.082" /></testsuite></testsuites>